<?xml version="1.0" encoding="UTF-8"?>
<!-- Generated by org.testng.reporters.JUnitReportReporter -->
<testsuite hostname="LAPTOP-0EAU9346" name="test.runners.TestRunner" tests="1" failures="1" timestamp="20 Jun 2021 16:38:59 GMT" time="0.118" errors="0">
  <testcase name="feature" time="0.118" classname="test.runners.TestRunner">
    <failure type="cucumber.runtime.CucumberException" message="java.lang.StackOverflowError">
      <![CDATA[cucumber.runtime.CucumberException: java.lang.StackOverflowError
	at cucumber.api.testng.TestNGCucumberRunner.runCucumber(TestNGCucumberRunner.java:69)
	at cucumber.api.testng.AbstractTestNGCucumberTests.feature(AbstractTestNGCucumberTests.java:21)
	at sun.reflect.NativeMethodAccessorImpl.invoke0(Native Method)
	at sun.reflect.NativeMethodAccessorImpl.invoke(NativeMethodAccessorImpl.java:62)
	at sun.reflect.DelegatingMethodAccessorImpl.invoke(DelegatingMethodAccessorImpl.java:43)
	at java.lang.reflect.Method.invoke(Method.java:498)
	at org.testng.internal.MethodInvocationHelper.invokeMethod(MethodInvocationHelper.java:80)
	at org.testng.internal.Invoker.invokeMethod(Invoker.java:714)
	at org.testng.internal.Invoker.invokeTestMethod(Invoker.java:901)
	at org.testng.internal.Invoker.invokeTestMethods(Invoker.java:1231)
	at org.testng.internal.TestMethodWorker.invokeTestMethods(TestMethodWorker.java:127)
	at org.testng.internal.TestMethodWorker.run(TestMethodWorker.java:111)
	at org.testng.TestRunner.privateRun(TestRunner.java:767)
	at org.testng.TestRunner.run(TestRunner.java:617)
	at org.testng.SuiteRunner.runTest(SuiteRunner.java:334)
	at org.testng.SuiteRunner.runSequentially(SuiteRunner.java:329)
	at org.testng.SuiteRunner.privateRun(SuiteRunner.java:291)
	at org.testng.SuiteRunner.run(SuiteRunner.java:240)
	at org.testng.SuiteRunnerWorker.runSuite(SuiteRunnerWorker.java:52)
	at org.testng.SuiteRunnerWorker.run(SuiteRunnerWorker.java:86)
	at org.testng.TestNG.runSuitesSequentially(TestNG.java:1198)
	at org.testng.TestNG.runSuitesLocally(TestNG.java:1123)
	at org.testng.TestNG.run(TestNG.java:1031)
	at org.testng.remote.AbstractRemoteTestNG.run(AbstractRemoteTestNG.java:114)
	at org.testng.remote.RemoteTestNG.initAndRun(RemoteTestNG.java:251)
	at org.testng.remote.RemoteTestNG.main(RemoteTestNG.java:77)
Caused by: java.lang.StackOverflowError
	at common.TestFactory.endTestRun(TestFactory.java:60)
	at common.TestFactory.endTestRun(TestFactory.java:75)
	at common.TestFactory.endTestRun(TestFactory.java:75)
	at common.TestFactory.endTestRun(TestFactory.java:75)
	at common.TestFactory.endTestRun(TestFactory.java:75)
	at common.TestFactory.endTestRun(TestFactory.java:75)
	at common.TestFactory.endTestRun(TestFactory.java:75)
	at common.TestFactory.endTestRun(TestFactory.java:75)
	at common.TestFactory.endTestRun(TestFactory.java:75)
	at common.TestFactory.endTestRun(TestFactory.java:75)
	at common.TestFactory.endTestRun(TestFactory.java:75)
	at common.TestFactory.endTestRun(TestFactory.java:75)
	at common.TestFactory.endTestRun(TestFactory.java:75)
	at common.TestFactory.endTestRun(TestFactory.java:75)
	at common.TestFactory.endTestRun(TestFactory.java:75)
	at common.TestFactory.endTestRun(TestFactory.java:75)
	at common.TestFactory.endTestRun(TestFactory.java:75)
	at common.TestFactory.endTestRun(TestFactory.java:75)
	at common.TestFactory.endTestRun(TestFactory.java:75)
	at common.TestFactory.endTestRun(TestFactory.java:75)
	at common.TestFactory.endTestRun(TestFactory.java:75)
	at common.TestFactory.endTestRun(TestFactory.java:75)
	at common.TestFactory.endTestRun(TestFactory.java:75)
	at common.TestFactory.endTestRun(TestFactory.java:75)
	at common.TestFactory.endTestRun(TestFactory.java:75)
	at common.TestFactory.endTestRun(TestFactory.java:75)
	at common.TestFactory.endTestRun(TestFactory.java:75)
	at common.TestFactory.endTestRun(TestFactory.java:75)
	at common.TestFactory.endTestRun(TestFactory.java:75)
	at common.TestFactory.endTestRun(TestFactory.java:75)
	at common.TestFactory.endTestRun(TestFactory.java:75)
	at common.TestFactory.endTestRun(TestFactory.java:75)
	at common.TestFactory.endTestRun(TestFactory.java:75)
	at common.TestFactory.endTestRun(TestFactory.java:75)
	at common.TestFactory.endTestRun(TestFactory.java:75)
	at common.TestFactory.endTestRun(TestFactory.java:75)
	at common.TestFactory.endTestRun(TestFactory.java:75)
	at common.TestFactory.endTestRun(TestFactory.java:75)
	at common.TestFactory.endTestRun(TestFactory.java:75)
	at common.TestFactory.endTestRun(TestFactory.java:75)
	at common.TestFactory.endTestRun(TestFactory.java:75)
	at common.TestFactory.endTestRun(TestFactory.java:75)
	at common.TestFactory.endTestRun(TestFactory.java:75)
	at common.TestFactory.endTestRun(TestFactory.java:75)
	at common.TestFactory.endTestRun(TestFactory.java:75)
	at common.TestFactory.endTestRun(TestFactory.java:75)
	at common.TestFactory.endTestRun(TestFactory.java:75)
	at common.TestFactory.endTestRun(TestFactory.java:75)
	at common.TestFactory.endTestRun(TestFactory.java:75)
	at common.TestFactory.endTestRun(TestFactory.java:75)
	at common.TestFactory.endTestRun(TestFactory.java:75)
	at common.TestFactory.endTestRun(TestFactory.java:75)
	at common.TestFactory.endTestRun(TestFactory.java:75)
	at common.TestFactory.endTestRun(TestFactory.java:75)
	at common.TestFactory.endTestRun(TestFactory.java:75)
	at common.TestFactory.endTestRun(TestFactory.java:75)
	at common.TestFactory.endTestRun(TestFactory.java:75)
	at common.TestFactory.endTestRun(TestFactory.java:75)
	at common.TestFactory.endTestRun(TestFactory.java:75)
	at common.TestFactory.endTestRun(TestFactory.java:75)
	at common.TestFactory.endTestRun(TestFactory.java:75)
	at common.TestFactory.endTestRun(TestFactory.java:75)
	at common.TestFactory.endTestRun(TestFactory.java:75)
	at common.TestFactory.endTestRun(TestFactory.java:75)
	at common.TestFactory.endTestRun(TestFactory.java:75)
	at common.TestFactory.endTestRun(TestFactory.java:75)
	at common.TestFactory.endTestRun(TestFactory.java:75)
	at common.TestFactory.endTestRun(TestFactory.java:75)
	at common.TestFactory.endTestRun(TestFactory.java:75)
	at common.TestFactory.endTestRun(TestFactory.java:75)
	at common.TestFactory.endTestRun(TestFactory.java:75)
	at common.TestFactory.endTestRun(TestFactory.java:75)
	at common.TestFactory.endTestRun(TestFactory.java:75)
	at common.TestFactory.endTestRun(TestFactory.java:75)
	at common.TestFactory.endTestRun(TestFactory.java:75)
	at common.TestFactory.endTestRun(TestFactory.java:75)
	at common.TestFactory.endTestRun(TestFactory.java:75)
	at common.TestFactory.endTestRun(TestFactory.java:75)
	at common.TestFactory.endTestRun(TestFactory.java:75)
	at common.TestFactory.endTestRun(TestFactory.java:75)
	at common.TestFactory.endTestRun(TestFactory.java:75)
	at common.TestFactory.endTestRun(TestFactory.java:75)
	at common.TestFactory.endTestRun(TestFactory.java:75)
	at common.TestFactory.endTestRun(TestFactory.java:75)
	at common.TestFactory.endTestRun(TestFactory.java:75)
	at common.TestFactory.endTestRun(TestFactory.java:75)
	at common.TestFactory.endTestRun(TestFactory.java:75)
	at common.TestFactory.endTestRun(TestFactory.java:75)
	at common.TestFactory.endTestRun(TestFactory.java:75)
	at common.TestFactory.endTestRun(TestFactory.java:75)
	at common.TestFactory.endTestRun(TestFactory.java:75)
	at common.TestFactory.endTestRun(TestFactory.java:75)
	at common.TestFactory.endTestRun(TestFactory.java:75)
	at common.TestFactory.endTestRun(TestFactory.java:75)
	at common.TestFactory.endTestRun(TestFactory.java:75)
	at common.TestFactory.endTestRun(TestFactory.java:75)
	at common.TestFactory.endTestRun(TestFactory.java:75)
	at common.TestFactory.endTestRun(TestFactory.java:75)
	at common.TestFactory.endTestRun(TestFactory.java:75)
	at common.TestFactory.endTestRun(TestFactory.java:75)
	at common.TestFactory.endTestRun(TestFactory.java:75)
	at common.TestFactory.endTestRun(TestFactory.java:75)
	at common.TestFactory.endTestRun(TestFactory.java:75)
	at common.TestFactory.endTestRun(TestFactory.java:75)
	at common.TestFactory.endTestRun(TestFactory.java:75)
	at common.TestFactory.endTestRun(TestFactory.java:75)
	at common.TestFactory.endTestRun(TestFactory.java:75)
	at common.TestFactory.endTestRun(TestFactory.java:75)
	at common.TestFactory.endTestRun(TestFactory.java:75)
	at common.TestFactory.endTestRun(TestFactory.java:75)
	at common.TestFactory.endTestRun(TestFactory.java:75)
	at common.TestFactory.endTestRun(TestFactory.java:75)
	at common.TestFactory.endTestRun(TestFactory.java:75)
	at common.TestFactory.endTestRun(TestFactory.java:75)
	at common.TestFactory.endTestRun(TestFactory.java:75)
	at common.TestFactory.endTestRun(TestFactory.java:75)
	at common.TestFactory.endTestRun(TestFactory.java:75)
	at common.TestFactory.endTestRun(TestFactory.java:75)
	at common.TestFactory.endTestRun(TestFactory.java:75)
	at common.TestFactory.endTestRun(TestFactory.java:75)
	at common.TestFactory.endTestRun(TestFactory.java:75)
	at common.TestFactory.endTestRun(TestFactory.java:75)
	at common.TestFactory.endTestRun(TestFactory.java:75)
	at common.TestFactory.endTestRun(TestFactory.java:75)
	at common.TestFactory.endTestRun(TestFactory.java:75)
	at common.TestFactory.endTestRun(TestFactory.java:75)
	at common.TestFactory.endTestRun(TestFactory.java:75)
	at common.TestFactory.endTestRun(TestFactory.java:75)
	at common.TestFactory.endTestRun(TestFactory.java:75)
	at common.TestFactory.endTestRun(TestFactory.java:75)
	at common.TestFactory.endTestRun(TestFactory.java:75)
	at common.TestFactory.endTestRun(TestFactory.java:75)
	at common.TestFactory.endTestRun(TestFactory.java:75)
	at common.TestFactory.endTestRun(TestFactory.java:75)
	at common.TestFactory.endTestRun(TestFactory.java:75)
	at common.TestFactory.endTestRun(TestFactory.java:75)
	at common.TestFactory.endTestRun(TestFactory.java:75)
	at common.TestFactory.endTestRun(TestFactory.java:75)
	at common.TestFactory.endTestRun(TestFactory.java:75)
	at common.TestFactory.endTestRun(TestFactory.java:75)
	at common.TestFactory.endTestRun(TestFactory.java:75)
	at common.TestFactory.endTestRun(TestFactory.java:75)
	at common.TestFactory.endTestRun(TestFactory.java:75)
	at common.TestFactory.endTestRun(TestFactory.java:75)
	at common.TestFactory.endTestRun(TestFactory.java:75)
	at common.TestFactory.endTestRun(TestFactory.java:75)
	at common.TestFactory.endTestRun(TestFactory.java:75)
	at common.TestFactory.endTestRun(TestFactory.java:75)
	at common.TestFactory.endTestRun(TestFactory.java:75)
	at common.TestFactory.endTestRun(TestFactory.java:75)
	at common.TestFactory.endTestRun(TestFactory.java:75)
	at common.TestFactory.endTestRun(TestFactory.java:75)
	at common.TestFactory.endTestRun(TestFactory.java:75)
	at common.TestFactory.endTestRun(TestFactory.java:75)
	at common.TestFactory.endTestRun(TestFactory.java:75)
	at common.TestFactory.endTestRun(TestFactory.java:75)
	at common.TestFactory.endTestRun(TestFactory.java:75)
	at common.TestFactory.endTestRun(TestFactory.java:75)
	at common.TestFactory.endTestRun(TestFactory.java:75)
	at common.TestFactory.endTestRun(TestFactory.java:75)
	at common.TestFactory.endTestRun(TestFactory.java:75)
	at common.TestFactory.endTestRun(TestFactory.java:75)
	at common.TestFactory.endTestRun(TestFactory.java:75)
	at common.TestFactory.endTestRun(TestFactory.java:75)
	at common.TestFactory.endTestRun(TestFactory.java:75)
	at common.TestFactory.endTestRun(TestFactory.java:75)
	at common.TestFactory.endTestRun(TestFactory.java:75)
	at common.TestFactory.endTestRun(TestFactory.java:75)
	at common.TestFactory.endTestRun(TestFactory.java:75)
	at common.TestFactory.endTestRun(TestFactory.java:75)
	at common.TestFactory.endTestRun(TestFactory.java:75)
	at common.TestFactory.endTestRun(TestFactory.java:75)
	at common.TestFactory.endTestRun(TestFactory.java:75)
	at common.TestFactory.endTestRun(TestFactory.java:75)
	at common.TestFactory.endTestRun(TestFactory.java:75)
	at common.TestFactory.endTestRun(TestFactory.java:75)
	at common.TestFactory.endTestRun(TestFactory.java:75)
	at common.TestFactory.endTestRun(TestFactory.java:75)
	at common.TestFactory.endTestRun(TestFactory.java:75)
	at common.TestFactory.endTestRun(TestFactory.java:75)
	at common.TestFactory.endTestRun(TestFactory.java:75)
	at common.TestFactory.endTestRun(TestFactory.java:75)
	at common.TestFactory.endTestRun(TestFactory.java:75)
	at common.TestFactory.endTestRun(TestFactory.java:75)
	at common.TestFactory.endTestRun(TestFactory.java:75)
	at common.TestFactory.endTestRun(TestFactory.java:75)
	at common.TestFactory.endTestRun(TestFactory.java:75)
	at common.TestFactory.endTestRun(TestFactory.java:75)
	at common.TestFactory.endTestRun(TestFactory.java:75)
	at common.TestFactory.endTestRun(TestFactory.java:75)
	at common.TestFactory.endTestRun(TestFactory.java:75)
	at common.TestFactory.endTestRun(TestFactory.java:75)
	at common.TestFactory.endTestRun(TestFactory.java:75)
	at common.TestFactory.endTestRun(TestFactory.java:75)
	at common.TestFactory.endTestRun(TestFactory.java:75)
	at common.TestFactory.endTestRun(TestFactory.java:75)
	at common.TestFactory.endTestRun(TestFactory.java:75)
	at common.TestFactory.endTestRun(TestFactory.java:75)
	at common.TestFactory.endTestRun(TestFactory.java:75)
	at common.TestFactory.endTestRun(TestFactory.java:75)
	at common.TestFactory.endTestRun(TestFactory.java:75)
	at common.TestFactory.endTestRun(TestFactory.java:75)
	at common.TestFactory.endTestRun(TestFactory.java:75)
	at common.TestFactory.endTestRun(TestFactory.java:75)
	at common.TestFactory.endTestRun(TestFactory.java:75)
	at common.TestFactory.endTestRun(TestFactory.java:75)
	at common.TestFactory.endTestRun(TestFactory.java:75)
	at common.TestFactory.endTestRun(TestFactory.java:75)
	at common.TestFactory.endTestRun(TestFactory.java:75)
	at common.TestFactory.endTestRun(TestFactory.java:75)
	at common.TestFactory.endTestRun(TestFactory.java:75)
	at common.TestFactory.endTestRun(TestFactory.java:75)
	at common.TestFactory.endTestRun(TestFactory.java:75)
	at common.TestFactory.endTestRun(TestFactory.java:75)
	at common.TestFactory.endTestRun(TestFactory.java:75)
	at common.TestFactory.endTestRun(TestFactory.java:75)
	at common.TestFactory.endTestRun(TestFactory.java:75)
	at common.TestFactory.endTestRun(TestFactory.java:75)
	at common.TestFactory.endTestRun(TestFactory.java:75)
	at common.TestFactory.endTestRun(TestFactory.java:75)
	at common.TestFactory.endTestRun(TestFactory.java:75)
	at common.TestFactory.endTestRun(TestFactory.java:75)
	at common.TestFactory.endTestRun(TestFactory.java:75)
	at common.TestFactory.endTestRun(TestFactory.java:75)
	at common.TestFactory.endTestRun(TestFactory.java:75)
	at common.TestFactory.endTestRun(TestFactory.java:75)
	at common.TestFactory.endTestRun(TestFactory.java:75)
	at common.TestFactory.endTestRun(TestFactory.java:75)
	at common.TestFactory.endTestRun(TestFactory.java:75)
	at common.TestFactory.endTestRun(TestFactory.java:75)
	at common.TestFactory.endTestRun(TestFactory.java:75)
	at common.TestFactory.endTestRun(TestFactory.java:75)
	at common.TestFactory.endTestRun(TestFactory.java:75)
	at common.TestFactory.endTestRun(TestFactory.java:75)
	at common.TestFactory.endTestRun(TestFactory.java:75)
	at common.TestFactory.endTestRun(TestFactory.java:75)
	at common.TestFactory.endTestRun(TestFactory.java:75)
	at common.TestFactory.endTestRun(TestFactory.java:75)
	at common.TestFactory.endTestRun(TestFactory.java:75)
	at common.TestFactory.endTestRun(TestFactory.java:75)
	at common.TestFactory.endTestRun(TestFactory.java:75)
	at common.TestFactory.endTestRun(TestFactory.java:75)
	at common.TestFactory.endTestRun(TestFactory.java:75)
	at common.TestFactory.endTestRun(TestFactory.java:75)
	at common.TestFactory.endTestRun(TestFactory.java:75)
	at common.TestFactory.endTestRun(TestFactory.java:75)
	at common.TestFactory.endTestRun(TestFactory.java:75)
	at common.TestFactory.endTestRun(TestFactory.java:75)
	at common.TestFactory.endTestRun(TestFactory.java:75)
	at common.TestFactory.endTestRun(TestFactory.java:75)
	at common.TestFactory.endTestRun(TestFactory.java:75)
	at common.TestFactory.endTestRun(TestFactory.java:75)
	at common.TestFactory.endTestRun(TestFactory.java:75)
	at common.TestFactory.endTestRun(TestFactory.java:75)
	at common.TestFactory.endTestRun(TestFactory.java:75)
	at common.TestFactory.endTestRun(TestFactory.java:75)
	at common.TestFactory.endTestRun(TestFactory.java:75)
	at common.TestFactory.endTestRun(TestFactory.java:75)
	at common.TestFactory.endTestRun(TestFactory.java:75)
	at common.TestFactory.endTestRun(TestFactory.java:75)
	at common.TestFactory.endTestRun(TestFactory.java:75)
	at common.TestFactory.endTestRun(TestFactory.java:75)
	at common.TestFactory.endTestRun(TestFactory.java:75)
	at common.TestFactory.endTestRun(TestFactory.java:75)
	at common.TestFactory.endTestRun(TestFactory.java:75)
	at common.TestFactory.endTestRun(TestFactory.java:75)
	at common.TestFactory.endTestRun(TestFactory.java:75)
	at common.TestFactory.endTestRun(TestFactory.java:75)
	at common.TestFactory.endTestRun(TestFactory.java:75)
	at common.TestFactory.endTestRun(TestFactory.java:75)
	at common.TestFactory.endTestRun(TestFactory.java:75)
	at common.TestFactory.endTestRun(TestFactory.java:75)
	at common.TestFactory.endTestRun(TestFactory.java:75)
	at common.TestFactory.endTestRun(TestFactory.java:75)
	at common.TestFactory.endTestRun(TestFactory.java:75)
	at common.TestFactory.endTestRun(TestFactory.java:75)
	at common.TestFactory.endTestRun(TestFactory.java:75)
	at common.TestFactory.endTestRun(TestFactory.java:75)
	at common.TestFactory.endTestRun(TestFactory.java:75)
	at common.TestFactory.endTestRun(TestFactory.java:75)
	at common.TestFactory.endTestRun(TestFactory.java:75)
	at common.TestFactory.endTestRun(TestFactory.java:75)
	at common.TestFactory.endTestRun(TestFactory.java:75)
	at common.TestFactory.endTestRun(TestFactory.java:75)
	at common.TestFactory.endTestRun(TestFactory.java:75)
	at common.TestFactory.endTestRun(TestFactory.java:75)
	at common.TestFactory.endTestRun(TestFactory.java:75)
	at common.TestFactory.endTestRun(TestFactory.java:75)
	at common.TestFactory.endTestRun(TestFactory.java:75)
	at common.TestFactory.endTestRun(TestFactory.java:75)
	at common.TestFactory.endTestRun(TestFactory.java:75)
	at common.TestFactory.endTestRun(TestFactory.java:75)
	at common.TestFactory.endTestRun(TestFactory.java:75)
	at common.TestFactory.endTestRun(TestFactory.java:75)
	at common.TestFactory.endTestRun(TestFactory.java:75)
	at common.TestFactory.endTestRun(TestFactory.java:75)
	at common.TestFactory.endTestRun(TestFactory.java:75)
	at common.TestFactory.endTestRun(TestFactory.java:75)
	at common.TestFactory.endTestRun(TestFactory.java:75)
	at common.TestFactory.endTestRun(TestFactory.java:75)
	at common.TestFactory.endTestRun(TestFactory.java:75)
	at common.TestFactory.endTestRun(TestFactory.java:75)
	at common.TestFactory.endTestRun(TestFactory.java:75)
	at common.TestFactory.endTestRun(TestFactory.java:75)
	at common.TestFactory.endTestRun(TestFactory.java:75)
	at common.TestFactory.endTestRun(TestFactory.java:75)
	at common.TestFactory.endTestRun(TestFactory.java:75)
	at common.TestFactory.endTestRun(TestFactory.java:75)
	at common.TestFactory.endTestRun(TestFactory.java:75)
	at common.TestFactory.endTestRun(TestFactory.java:75)
	at common.TestFactory.endTestRun(TestFactory.java:75)
	at common.TestFactory.endTestRun(TestFactory.java:75)
	at common.TestFactory.endTestRun(TestFactory.java:75)
	at common.TestFactory.endTestRun(TestFactory.java:75)
	at common.TestFactory.endTestRun(TestFactory.java:75)
	at common.TestFactory.endTestRun(TestFactory.java:75)
	at common.TestFactory.endTestRun(TestFactory.java:75)
	at common.TestFactory.endTestRun(TestFactory.java:75)
	at common.TestFactory.endTestRun(TestFactory.java:75)
	at common.TestFactory.endTestRun(TestFactory.java:75)
	at common.TestFactory.endTestRun(TestFactory.java:75)
	at common.TestFactory.endTestRun(TestFactory.java:75)
	at common.TestFactory.endTestRun(TestFactory.java:75)
	at common.TestFactory.endTestRun(TestFactory.java:75)
	at common.TestFactory.endTestRun(TestFactory.java:75)
	at common.TestFactory.endTestRun(TestFactory.java:75)
	at common.TestFactory.endTestRun(TestFactory.java:75)
	at common.TestFactory.endTestRun(TestFactory.java:75)
	at common.TestFactory.endTestRun(TestFactory.java:75)
	at common.TestFactory.endTestRun(TestFactory.java:75)
	at common.TestFactory.endTestRun(TestFactory.java:75)
	at common.TestFactory.endTestRun(TestFactory.java:75)
	at common.TestFactory.endTestRun(TestFactory.java:75)
	at common.TestFactory.endTestRun(TestFactory.java:75)
	at common.TestFactory.endTestRun(TestFactory.java:75)
	at common.TestFactory.endTestRun(TestFactory.java:75)
	at common.TestFactory.endTestRun(TestFactory.java:75)
	at common.TestFactory.endTestRun(TestFactory.java:75)
	at common.TestFactory.endTestRun(TestFactory.java:75)
	at common.TestFactory.endTestRun(TestFactory.java:75)
	at common.TestFactory.endTestRun(TestFactory.java:75)
	at common.TestFactory.endTestRun(TestFactory.java:75)
	at common.TestFactory.endTestRun(TestFactory.java:75)
	at common.TestFactory.endTestRun(TestFactory.java:75)
	at common.TestFactory.endTestRun(TestFactory.java:75)
	at common.TestFactory.endTestRun(TestFactory.java:75)
	at common.TestFactory.endTestRun(TestFactory.java:75)
	at common.TestFactory.endTestRun(TestFactory.java:75)
	at common.TestFactory.endTestRun(TestFactory.java:75)
	at common.TestFactory.endTestRun(TestFactory.java:75)
	at common.TestFactory.endTestRun(TestFactory.java:75)
	at common.TestFactory.endTestRun(TestFactory.java:75)
	at common.TestFactory.endTestRun(TestFactory.java:75)
	at common.TestFactory.endTestRun(TestFactory.java:75)
	at common.TestFactory.endTestRun(TestFactory.java:75)
	at common.TestFactory.endTestRun(TestFactory.java:75)
	at common.TestFactory.endTestRun(TestFactory.java:75)
	at common.TestFactory.endTestRun(TestFactory.java:75)
	at common.TestFactory.endTestRun(TestFactory.java:75)
	at common.TestFactory.endTestRun(TestFactory.java:75)
	at common.TestFactory.endTestRun(TestFactory.java:75)
	at common.TestFactory.endTestRun(TestFactory.java:75)
	at common.TestFactory.endTestRun(TestFactory.java:75)
	at common.TestFactory.endTestRun(TestFactory.java:75)
	at common.TestFactory.endTestRun(TestFactory.java:75)
	at common.TestFactory.endTestRun(TestFactory.java:75)
	at common.TestFactory.endTestRun(TestFactory.java:75)
	at common.TestFactory.endTestRun(TestFactory.java:75)
	at common.TestFactory.endTestRun(TestFactory.java:75)
	at common.TestFactory.endTestRun(TestFactory.java:75)
	at common.TestFactory.endTestRun(TestFactory.java:75)
	at common.TestFactory.endTestRun(TestFactory.java:75)
	at common.TestFactory.endTestRun(TestFactory.java:75)
	at common.TestFactory.endTestRun(TestFactory.java:75)
	at common.TestFactory.endTestRun(TestFactory.java:75)
	at common.TestFactory.endTestRun(TestFactory.java:75)
	at common.TestFactory.endTestRun(TestFactory.java:75)
	at common.TestFactory.endTestRun(TestFactory.java:75)
	at common.TestFactory.endTestRun(TestFactory.java:75)
	at common.TestFactory.endTestRun(TestFactory.java:75)
	at common.TestFactory.endTestRun(TestFactory.java:75)
	at common.TestFactory.endTestRun(TestFactory.java:75)
	at common.TestFactory.endTestRun(TestFactory.java:75)
	at common.TestFactory.endTestRun(TestFactory.java:75)
	at common.TestFactory.endTestRun(TestFactory.java:75)
	at common.TestFactory.endTestRun(TestFactory.java:75)
	at common.TestFactory.endTestRun(TestFactory.java:75)
	at common.TestFactory.endTestRun(TestFactory.java:75)
	at common.TestFactory.endTestRun(TestFactory.java:75)
	at common.TestFactory.endTestRun(TestFactory.java:75)
	at common.TestFactory.endTestRun(TestFactory.java:75)
	at common.TestFactory.endTestRun(TestFactory.java:75)
	at common.TestFactory.endTestRun(TestFactory.java:75)
	at common.TestFactory.endTestRun(TestFactory.java:75)
	at common.TestFactory.endTestRun(TestFactory.java:75)
	at common.TestFactory.endTestRun(TestFactory.java:75)
	at common.TestFactory.endTestRun(TestFactory.java:75)
	at common.TestFactory.endTestRun(TestFactory.java:75)
	at common.TestFactory.endTestRun(TestFactory.java:75)
	at common.TestFactory.endTestRun(TestFactory.java:75)
	at common.TestFactory.endTestRun(TestFactory.java:75)
	at common.TestFactory.endTestRun(TestFactory.java:75)
	at common.TestFactory.endTestRun(TestFactory.java:75)
	at common.TestFactory.endTestRun(TestFactory.java:75)
	at common.TestFactory.endTestRun(TestFactory.java:75)
	at common.TestFactory.endTestRun(TestFactory.java:75)
	at common.TestFactory.endTestRun(TestFactory.java:75)
	at common.TestFactory.endTestRun(TestFactory.java:75)
	at common.TestFactory.endTestRun(TestFactory.java:75)
	at common.TestFactory.endTestRun(TestFactory.java:75)
	at common.TestFactory.endTestRun(TestFactory.java:75)
	at common.TestFactory.endTestRun(TestFactory.java:75)
	at common.TestFactory.endTestRun(TestFactory.java:75)
	at common.TestFactory.endTestRun(TestFactory.java:75)
	at common.TestFactory.endTestRun(TestFactory.java:75)
	at common.TestFactory.endTestRun(TestFactory.java:75)
	at common.TestFactory.endTestRun(TestFactory.java:75)
	at common.TestFactory.endTestRun(TestFactory.java:75)
	at common.TestFactory.endTestRun(TestFactory.java:75)
	at common.TestFactory.endTestRun(TestFactory.java:75)
	at common.TestFactory.endTestRun(TestFactory.java:75)
	at common.TestFactory.endTestRun(TestFactory.java:75)
	at common.TestFactory.endTestRun(TestFactory.java:75)
	at common.TestFactory.endTestRun(TestFactory.java:75)
	at common.TestFactory.endTestRun(TestFactory.java:75)
	at common.TestFactory.endTestRun(TestFactory.java:75)
	at common.TestFactory.endTestRun(TestFactory.java:75)
	at common.TestFactory.endTestRun(TestFactory.java:75)
	at common.TestFactory.endTestRun(TestFactory.java:75)
	at common.TestFactory.endTestRun(TestFactory.java:75)
	at common.TestFactory.endTestRun(TestFactory.java:75)
	at common.TestFactory.endTestRun(TestFactory.java:75)
	at common.TestFactory.endTestRun(TestFactory.java:75)
	at common.TestFactory.endTestRun(TestFactory.java:75)
	at common.TestFactory.endTestRun(TestFactory.java:75)
	at common.TestFactory.endTestRun(TestFactory.java:75)
	at common.TestFactory.endTestRun(TestFactory.java:75)
	at common.TestFactory.endTestRun(TestFactory.java:75)
	at common.TestFactory.endTestRun(TestFactory.java:75)
	at common.TestFactory.endTestRun(TestFactory.java:75)
	at common.TestFactory.endTestRun(TestFactory.java:75)
	at common.TestFactory.endTestRun(TestFactory.java:75)
	at common.TestFactory.endTestRun(TestFactory.java:75)
	at common.TestFactory.endTestRun(TestFactory.java:75)
	at common.TestFactory.endTestRun(TestFactory.java:75)
	at common.TestFactory.endTestRun(TestFactory.java:75)
	at common.TestFactory.endTestRun(TestFactory.java:75)
	at common.TestFactory.endTestRun(TestFactory.java:75)
	at common.TestFactory.endTestRun(TestFactory.java:75)
	at common.TestFactory.endTestRun(TestFactory.java:75)
	at common.TestFactory.endTestRun(TestFactory.java:75)
	at common.TestFactory.endTestRun(TestFactory.java:75)
	at common.TestFactory.endTestRun(TestFactory.java:75)
	at common.TestFactory.endTestRun(TestFactory.java:75)
	at common.TestFactory.endTestRun(TestFactory.java:75)
	at common.TestFactory.endTestRun(TestFactory.java:75)
	at common.TestFactory.endTestRun(TestFactory.java:75)
	at common.TestFactory.endTestRun(TestFactory.java:75)
	at common.TestFactory.endTestRun(TestFactory.java:75)
	at common.TestFactory.endTestRun(TestFactory.java:75)
	at common.TestFactory.endTestRun(TestFactory.java:75)
	at common.TestFactory.endTestRun(TestFactory.java:75)
	at common.TestFactory.endTestRun(TestFactory.java:75)
	at common.TestFactory.endTestRun(TestFactory.java:75)
	at common.TestFactory.endTestRun(TestFactory.java:75)
	at common.TestFactory.endTestRun(TestFactory.java:75)
	at common.TestFactory.endTestRun(TestFactory.java:75)
	at common.TestFactory.endTestRun(TestFactory.java:75)
	at common.TestFactory.endTestRun(TestFactory.java:75)
	at common.TestFactory.endTestRun(TestFactory.java:75)
	at common.TestFactory.endTestRun(TestFactory.java:75)
	at common.TestFactory.endTestRun(TestFactory.java:75)
	at common.TestFactory.endTestRun(TestFactory.java:75)
	at common.TestFactory.endTestRun(TestFactory.java:75)
	at common.TestFactory.endTestRun(TestFactory.java:75)
	at common.TestFactory.endTestRun(TestFactory.java:75)
	at common.TestFactory.endTestRun(TestFactory.java:75)
	at common.TestFactory.endTestRun(TestFactory.java:75)
	at common.TestFactory.endTestRun(TestFactory.java:75)
	at common.TestFactory.endTestRun(TestFactory.java:75)
	at common.TestFactory.endTestRun(TestFactory.java:75)
	at common.TestFactory.endTestRun(TestFactory.java:75)
	at common.TestFactory.endTestRun(TestFactory.java:75)
	at common.TestFactory.endTestRun(TestFactory.java:75)
	at common.TestFactory.endTestRun(TestFactory.java:75)
	at common.TestFactory.endTestRun(TestFactory.java:75)
	at common.TestFactory.endTestRun(TestFactory.java:75)
	at common.TestFactory.endTestRun(TestFactory.java:75)
	at common.TestFactory.endTestRun(TestFactory.java:75)
	at common.TestFactory.endTestRun(TestFactory.java:75)
	at common.TestFactory.endTestRun(TestFactory.java:75)
	at common.TestFactory.endTestRun(TestFactory.java:75)
	at common.TestFactory.endTestRun(TestFactory.java:75)
	at common.TestFactory.endTestRun(TestFactory.java:75)
	at common.TestFactory.endTestRun(TestFactory.java:75)
	at common.TestFactory.endTestRun(TestFactory.java:75)
	at common.TestFactory.endTestRun(TestFactory.java:75)
	at common.TestFactory.endTestRun(TestFactory.java:75)
	at common.TestFactory.endTestRun(TestFactory.java:75)
	at common.TestFactory.endTestRun(TestFactory.java:75)
	at common.TestFactory.endTestRun(TestFactory.java:75)
	at common.TestFactory.endTestRun(TestFactory.java:75)
	at common.TestFactory.endTestRun(TestFactory.java:75)
	at common.TestFactory.endTestRun(TestFactory.java:75)
	at common.TestFactory.endTestRun(TestFactory.java:75)
	at common.TestFactory.endTestRun(TestFactory.java:75)
	at common.TestFactory.endTestRun(TestFactory.java:75)
	at common.TestFactory.endTestRun(TestFactory.java:75)
	at common.TestFactory.endTestRun(TestFactory.java:75)
	at common.TestFactory.endTestRun(TestFactory.java:75)
	at common.TestFactory.endTestRun(TestFactory.java:75)
	at common.TestFactory.endTestRun(TestFactory.java:75)
	at common.TestFactory.endTestRun(TestFactory.java:75)
	at common.TestFactory.endTestRun(TestFactory.java:75)
	at common.TestFactory.endTestRun(TestFactory.java:75)
	at common.TestFactory.endTestRun(TestFactory.java:75)
	at common.TestFactory.endTestRun(TestFactory.java:75)
	at common.TestFactory.endTestRun(TestFactory.java:75)
	at common.TestFactory.endTestRun(TestFactory.java:75)
	at common.TestFactory.endTestRun(TestFactory.java:75)
	at common.TestFactory.endTestRun(TestFactory.java:75)
	at common.TestFactory.endTestRun(TestFactory.java:75)
	at common.TestFactory.endTestRun(TestFactory.java:75)
	at common.TestFactory.endTestRun(TestFactory.java:75)
	at common.TestFactory.endTestRun(TestFactory.java:75)
	at common.TestFactory.endTestRun(TestFactory.java:75)
	at common.TestFactory.endTestRun(TestFactory.java:75)
	at common.TestFactory.endTestRun(TestFactory.java:75)
	at common.TestFactory.endTestRun(TestFactory.java:75)
	at common.TestFactory.endTestRun(TestFactory.java:75)
	at common.TestFactory.endTestRun(TestFactory.java:75)
	at common.TestFactory.endTestRun(TestFactory.java:75)
	at common.TestFactory.endTestRun(TestFactory.java:75)
	at common.TestFactory.endTestRun(TestFactory.java:75)
	at common.TestFactory.endTestRun(TestFactory.java:75)
	at common.TestFactory.endTestRun(TestFactory.java:75)
	at common.TestFactory.endTestRun(TestFactory.java:75)
	at common.TestFactory.endTestRun(TestFactory.java:75)
	at common.TestFactory.endTestRun(TestFactory.java:75)
	at common.TestFactory.endTestRun(TestFactory.java:75)
	at common.TestFactory.endTestRun(TestFactory.java:75)
	at common.TestFactory.endTestRun(TestFactory.java:75)
	at common.TestFactory.endTestRun(TestFactory.java:75)
	at common.TestFactory.endTestRun(TestFactory.java:75)
	at common.TestFactory.endTestRun(TestFactory.java:75)
	at common.TestFactory.endTestRun(TestFactory.java:75)
	at common.TestFactory.endTestRun(TestFactory.java:75)
	at common.TestFactory.endTestRun(TestFactory.java:75)
	at common.TestFactory.endTestRun(TestFactory.java:75)
	at common.TestFactory.endTestRun(TestFactory.java:75)
	at common.TestFactory.endTestRun(TestFactory.java:75)
	at common.TestFactory.endTestRun(TestFactory.java:75)
	at common.TestFactory.endTestRun(TestFactory.java:75)
	at common.TestFactory.endTestRun(TestFactory.java:75)
	at common.TestFactory.endTestRun(TestFactory.java:75)
	at common.TestFactory.endTestRun(TestFactory.java:75)
	at common.TestFactory.endTestRun(TestFactory.java:75)
	at common.TestFactory.endTestRun(TestFactory.java:75)
	at common.TestFactory.endTestRun(TestFactory.java:75)
	at common.TestFactory.endTestRun(TestFactory.java:75)
	at common.TestFactory.endTestRun(TestFactory.java:75)
	at common.TestFactory.endTestRun(TestFactory.java:75)
	at common.TestFactory.endTestRun(TestFactory.java:75)
	at common.TestFactory.endTestRun(TestFactory.java:75)
	at common.TestFactory.endTestRun(TestFactory.java:75)
	at common.TestFactory.endTestRun(TestFactory.java:75)
	at common.TestFactory.endTestRun(TestFactory.java:75)
	at common.TestFactory.endTestRun(TestFactory.java:75)
	at common.TestFactory.endTestRun(TestFactory.java:75)
	at common.TestFactory.endTestRun(TestFactory.java:75)
	at common.TestFactory.endTestRun(TestFactory.java:75)
	at common.TestFactory.endTestRun(TestFactory.java:75)
	at common.TestFactory.endTestRun(TestFactory.java:75)
	at common.TestFactory.endTestRun(TestFactory.java:75)
	at common.TestFactory.endTestRun(TestFactory.java:75)
	at common.TestFactory.endTestRun(TestFactory.java:75)
	at common.TestFactory.endTestRun(TestFactory.java:75)
	at common.TestFactory.endTestRun(TestFactory.java:75)
	at common.TestFactory.endTestRun(TestFactory.java:75)
	at common.TestFactory.endTestRun(TestFactory.java:75)
	at common.TestFactory.endTestRun(TestFactory.java:75)
	at common.TestFactory.endTestRun(TestFactory.java:75)
	at common.TestFactory.endTestRun(TestFactory.java:75)
	at common.TestFactory.endTestRun(TestFactory.java:75)
	at common.TestFactory.endTestRun(TestFactory.java:75)
	at common.TestFactory.endTestRun(TestFactory.java:75)
	at common.TestFactory.endTestRun(TestFactory.java:75)
	at common.TestFactory.endTestRun(TestFactory.java:75)
	at common.TestFactory.endTestRun(TestFactory.java:75)
	at common.TestFactory.endTestRun(TestFactory.java:75)
	at common.TestFactory.endTestRun(TestFactory.java:75)
	at common.TestFactory.endTestRun(TestFactory.java:75)
	at common.TestFactory.endTestRun(TestFactory.java:75)
	at common.TestFactory.endTestRun(TestFactory.java:75)
	at common.TestFactory.endTestRun(TestFactory.java:75)
	at common.TestFactory.endTestRun(TestFactory.java:75)
	at common.TestFactory.endTestRun(TestFactory.java:75)
	at common.TestFactory.endTestRun(TestFactory.java:75)
	at common.TestFactory.endTestRun(TestFactory.java:75)
	at common.TestFactory.endTestRun(TestFactory.java:75)
	at common.TestFactory.endTestRun(TestFactory.java:75)
	at common.TestFactory.endTestRun(TestFactory.java:75)
	at common.TestFactory.endTestRun(TestFactory.java:75)
	at common.TestFactory.endTestRun(TestFactory.java:75)
	at common.TestFactory.endTestRun(TestFactory.java:75)
	at common.TestFactory.endTestRun(TestFactory.java:75)
	at common.TestFactory.endTestRun(TestFactory.java:75)
	at common.TestFactory.endTestRun(TestFactory.java:75)
	at common.TestFactory.endTestRun(TestFactory.java:75)
	at common.TestFactory.endTestRun(TestFactory.java:75)
	at common.TestFactory.endTestRun(TestFactory.java:75)
	at common.TestFactory.endTestRun(TestFactory.java:75)
	at common.TestFactory.endTestRun(TestFactory.java:75)
	at common.TestFactory.endTestRun(TestFactory.java:75)
	at common.TestFactory.endTestRun(TestFactory.java:75)
	at common.TestFactory.endTestRun(TestFactory.java:75)
	at common.TestFactory.endTestRun(TestFactory.java:75)
	at common.TestFactory.endTestRun(TestFactory.java:75)
	at common.TestFactory.endTestRun(TestFactory.java:75)
	at common.TestFactory.endTestRun(TestFactory.java:75)
	at common.TestFactory.endTestRun(TestFactory.java:75)
	at common.TestFactory.endTestRun(TestFactory.java:75)
	at common.TestFactory.endTestRun(TestFactory.java:75)
	at common.TestFactory.endTestRun(TestFactory.java:75)
	at common.TestFactory.endTestRun(TestFactory.java:75)
	at common.TestFactory.endTestRun(TestFactory.java:75)
	at common.TestFactory.endTestRun(TestFactory.java:75)
	at common.TestFactory.endTestRun(TestFactory.java:75)
	at common.TestFactory.endTestRun(TestFactory.java:75)
	at common.TestFactory.endTestRun(TestFactory.java:75)
	at common.TestFactory.endTestRun(TestFactory.java:75)
	at common.TestFactory.endTestRun(TestFactory.java:75)
	at common.TestFactory.endTestRun(TestFactory.java:75)
	at common.TestFactory.endTestRun(TestFactory.java:75)
	at common.TestFactory.endTestRun(TestFactory.java:75)
	at common.TestFactory.endTestRun(TestFactory.java:75)
	at common.TestFactory.endTestRun(TestFactory.java:75)
	at common.TestFactory.endTestRun(TestFactory.java:75)
	at common.TestFactory.endTestRun(TestFactory.java:75)
	at common.TestFactory.endTestRun(TestFactory.java:75)
	at common.TestFactory.endTestRun(TestFactory.java:75)
	at common.TestFactory.endTestRun(TestFactory.java:75)
	at common.TestFactory.endTestRun(TestFactory.java:75)
	at common.TestFactory.endTestRun(TestFactory.java:75)
	at common.TestFactory.endTestRun(TestFactory.java:75)
	at common.TestFactory.endTestRun(TestFactory.java:75)
	at common.TestFactory.endTestRun(TestFactory.java:75)
	at common.TestFactory.endTestRun(TestFactory.java:75)
	at common.TestFactory.endTestRun(TestFactory.java:75)
	at common.TestFactory.endTestRun(TestFactory.java:75)
	at common.TestFactory.endTestRun(TestFactory.java:75)
	at common.TestFactory.endTestRun(TestFactory.java:75)
	at common.TestFactory.endTestRun(TestFactory.java:75)
	at common.TestFactory.endTestRun(TestFactory.java:75)
	at common.TestFactory.endTestRun(TestFactory.java:75)
	at common.TestFactory.endTestRun(TestFactory.java:75)
	at common.TestFactory.endTestRun(TestFactory.java:75)
	at common.TestFactory.endTestRun(TestFactory.java:75)
	at common.TestFactory.endTestRun(TestFactory.java:75)
	at common.TestFactory.endTestRun(TestFactory.java:75)
	at common.TestFactory.endTestRun(TestFactory.java:75)
	at common.TestFactory.endTestRun(TestFactory.java:75)
	at common.TestFactory.endTestRun(TestFactory.java:75)
	at common.TestFactory.endTestRun(TestFactory.java:75)
	at common.TestFactory.endTestRun(TestFactory.java:75)
	at common.TestFactory.endTestRun(TestFactory.java:75)
	at common.TestFactory.endTestRun(TestFactory.java:75)
	at common.TestFactory.endTestRun(TestFactory.java:75)
	at common.TestFactory.endTestRun(TestFactory.java:75)
	at common.TestFactory.endTestRun(TestFactory.java:75)
	at common.TestFactory.endTestRun(TestFactory.java:75)
	at common.TestFactory.endTestRun(TestFactory.java:75)
	at common.TestFactory.endTestRun(TestFactory.java:75)
	at common.TestFactory.endTestRun(TestFactory.java:75)
	at common.TestFactory.endTestRun(TestFactory.java:75)
	at common.TestFactory.endTestRun(TestFactory.java:75)
	at common.TestFactory.endTestRun(TestFactory.java:75)
	at common.TestFactory.endTestRun(TestFactory.java:75)
	at common.TestFactory.endTestRun(TestFactory.java:75)
	at common.TestFactory.endTestRun(TestFactory.java:75)
	at common.TestFactory.endTestRun(TestFactory.java:75)
	at common.TestFactory.endTestRun(TestFactory.java:75)
	at common.TestFactory.endTestRun(TestFactory.java:75)
	at common.TestFactory.endTestRun(TestFactory.java:75)
	at common.TestFactory.endTestRun(TestFactory.java:75)
	at common.TestFactory.endTestRun(TestFactory.java:75)
	at common.TestFactory.endTestRun(TestFactory.java:75)
	at common.TestFactory.endTestRun(TestFactory.java:75)
	at common.TestFactory.endTestRun(TestFactory.java:75)
	at common.TestFactory.endTestRun(TestFactory.java:75)
	at common.TestFactory.endTestRun(TestFactory.java:75)
	at common.TestFactory.endTestRun(TestFactory.java:75)
	at common.TestFactory.endTestRun(TestFactory.java:75)
	at common.TestFactory.endTestRun(TestFactory.java:75)
	at common.TestFactory.endTestRun(TestFactory.java:75)
	at common.TestFactory.endTestRun(TestFactory.java:75)
	at common.TestFactory.endTestRun(TestFactory.java:75)
	at common.TestFactory.endTestRun(TestFactory.java:75)
	at common.TestFactory.endTestRun(TestFactory.java:75)
	at common.TestFactory.endTestRun(TestFactory.java:75)
	at common.TestFactory.endTestRun(TestFactory.java:75)
	at common.TestFactory.endTestRun(TestFactory.java:75)
	at common.TestFactory.endTestRun(TestFactory.java:75)
	at common.TestFactory.endTestRun(TestFactory.java:75)
	at common.TestFactory.endTestRun(TestFactory.java:75)
	at common.TestFactory.endTestRun(TestFactory.java:75)
	at common.TestFactory.endTestRun(TestFactory.java:75)
	at common.TestFactory.endTestRun(TestFactory.java:75)
	at common.TestFactory.endTestRun(TestFactory.java:75)
	at common.TestFactory.endTestRun(TestFactory.java:75)
	at common.TestFactory.endTestRun(TestFactory.java:75)
	at common.TestFactory.endTestRun(TestFactory.java:75)
	at common.TestFactory.endTestRun(TestFactory.java:75)
	at common.TestFactory.endTestRun(TestFactory.java:75)
	at common.TestFactory.endTestRun(TestFactory.java:75)
	at common.TestFactory.endTestRun(TestFactory.java:75)
	at common.TestFactory.endTestRun(TestFactory.java:75)
	at common.TestFactory.endTestRun(TestFactory.java:75)
	at common.TestFactory.endTestRun(TestFactory.java:75)
	at common.TestFactory.endTestRun(TestFactory.java:75)
	at common.TestFactory.endTestRun(TestFactory.java:75)
	at common.TestFactory.endTestRun(TestFactory.java:75)
	at common.TestFactory.endTestRun(TestFactory.java:75)
	at common.TestFactory.endTestRun(TestFactory.java:75)
	at common.TestFactory.endTestRun(TestFactory.java:75)
	at common.TestFactory.endTestRun(TestFactory.java:75)
	at common.TestFactory.endTestRun(TestFactory.java:75)
	at common.TestFactory.endTestRun(TestFactory.java:75)
	at common.TestFactory.endTestRun(TestFactory.java:75)
	at common.TestFactory.endTestRun(TestFactory.java:75)
	at common.TestFactory.endTestRun(TestFactory.java:75)
	at common.TestFactory.endTestRun(TestFactory.java:75)
	at common.TestFactory.endTestRun(TestFactory.java:75)
	at common.TestFactory.endTestRun(TestFactory.java:75)
	at common.TestFactory.endTestRun(TestFactory.java:75)
	at common.TestFactory.endTestRun(TestFactory.java:75)
	at common.TestFactory.endTestRun(TestFactory.java:75)
	at common.TestFactory.endTestRun(TestFactory.java:75)
	at common.TestFactory.endTestRun(TestFactory.java:75)
	at common.TestFactory.endTestRun(TestFactory.java:75)
	at common.TestFactory.endTestRun(TestFactory.java:75)
	at common.TestFactory.endTestRun(TestFactory.java:75)
	at common.TestFactory.endTestRun(TestFactory.java:75)
	at common.TestFactory.endTestRun(TestFactory.java:75)
	at common.TestFactory.endTestRun(TestFactory.java:75)
	at common.TestFactory.endTestRun(TestFactory.java:75)
	at common.TestFactory.endTestRun(TestFactory.java:75)
	at common.TestFactory.endTestRun(TestFactory.java:75)
	at common.TestFactory.endTestRun(TestFactory.java:75)
	at common.TestFactory.endTestRun(TestFactory.java:75)
	at common.TestFactory.endTestRun(TestFactory.java:75)
	at common.TestFactory.endTestRun(TestFactory.java:75)
	at common.TestFactory.endTestRun(TestFactory.java:75)
	at common.TestFactory.endTestRun(TestFactory.java:75)
	at common.TestFactory.endTestRun(TestFactory.java:75)
	at common.TestFactory.endTestRun(TestFactory.java:75)
	at common.TestFactory.endTestRun(TestFactory.java:75)
	at common.TestFactory.endTestRun(TestFactory.java:75)
	at common.TestFactory.endTestRun(TestFactory.java:75)
	at common.TestFactory.endTestRun(TestFactory.java:75)
	at common.TestFactory.endTestRun(TestFactory.java:75)
	at common.TestFactory.endTestRun(TestFactory.java:75)
	at common.TestFactory.endTestRun(TestFactory.java:75)
	at common.TestFactory.endTestRun(TestFactory.java:75)
	at common.TestFactory.endTestRun(TestFactory.java:75)
	at common.TestFactory.endTestRun(TestFactory.java:75)
	at common.TestFactory.endTestRun(TestFactory.java:75)
	at common.TestFactory.endTestRun(TestFactory.java:75)
	at common.TestFactory.endTestRun(TestFactory.java:75)
	at common.TestFactory.endTestRun(TestFactory.java:75)
	at common.TestFactory.endTestRun(TestFactory.java:75)
	at common.TestFactory.endTestRun(TestFactory.java:75)
	at common.TestFactory.endTestRun(TestFactory.java:75)
	at common.TestFactory.endTestRun(TestFactory.java:75)
	at common.TestFactory.endTestRun(TestFactory.java:75)
	at common.TestFactory.endTestRun(TestFactory.java:75)
	at common.TestFactory.endTestRun(TestFactory.java:75)
	at common.TestFactory.endTestRun(TestFactory.java:75)
	at common.TestFactory.endTestRun(TestFactory.java:75)
	at common.TestFactory.endTestRun(TestFactory.java:75)
	at common.TestFactory.endTestRun(TestFactory.java:75)
	at common.TestFactory.endTestRun(TestFactory.java:75)
	at common.TestFactory.endTestRun(TestFactory.java:75)
	at common.TestFactory.endTestRun(TestFactory.java:75)
	at common.TestFactory.endTestRun(TestFactory.java:75)
	at common.TestFactory.endTestRun(TestFactory.java:75)
	at common.TestFactory.endTestRun(TestFactory.java:75)
	at common.TestFactory.endTestRun(TestFactory.java:75)
	at common.TestFactory.endTestRun(TestFactory.java:75)
	at common.TestFactory.endTestRun(TestFactory.java:75)
	at common.TestFactory.endTestRun(TestFactory.java:75)
	at common.TestFactory.endTestRun(TestFactory.java:75)
	at common.TestFactory.endTestRun(TestFactory.java:75)
	at common.TestFactory.endTestRun(TestFactory.java:75)
	at common.TestFactory.endTestRun(TestFactory.java:75)
	at common.TestFactory.endTestRun(TestFactory.java:75)
	at common.TestFactory.endTestRun(TestFactory.java:75)
	at common.TestFactory.endTestRun(TestFactory.java:75)
	at common.TestFactory.endTestRun(TestFactory.java:75)
	at common.TestFactory.endTestRun(TestFactory.java:75)
	at common.TestFactory.endTestRun(TestFactory.java:75)
	at common.TestFactory.endTestRun(TestFactory.java:75)
	at common.TestFactory.endTestRun(TestFactory.java:75)
	at common.TestFactory.endTestRun(TestFactory.java:75)
	at common.TestFactory.endTestRun(TestFactory.java:75)
	at common.TestFactory.endTestRun(TestFactory.java:75)
	at common.TestFactory.endTestRun(TestFactory.java:75)
	at common.TestFactory.endTestRun(TestFactory.java:75)
	at common.TestFactory.endTestRun(TestFactory.java:75)
	at common.TestFactory.endTestRun(TestFactory.java:75)
	at common.TestFactory.endTestRun(TestFactory.java:75)
	at common.TestFactory.endTestRun(TestFactory.java:75)
	at common.TestFactory.endTestRun(TestFactory.java:75)
	at common.TestFactory.endTestRun(TestFactory.java:75)
	at common.TestFactory.endTestRun(TestFactory.java:75)
	at common.TestFactory.endTestRun(TestFactory.java:75)
	at common.TestFactory.endTestRun(TestFactory.java:75)
	at common.TestFactory.endTestRun(TestFactory.java:75)
	at common.TestFactory.endTestRun(TestFactory.java:75)
	at common.TestFactory.endTestRun(TestFactory.java:75)
	at common.TestFactory.endTestRun(TestFactory.java:75)
	at common.TestFactory.endTestRun(TestFactory.java:75)
	at common.TestFactory.endTestRun(TestFactory.java:75)
	at common.TestFactory.endTestRun(TestFactory.java:75)
	at common.TestFactory.endTestRun(TestFactory.java:75)
	at common.TestFactory.endTestRun(TestFactory.java:75)
	at common.TestFactory.endTestRun(TestFactory.java:75)
	at common.TestFactory.endTestRun(TestFactory.java:75)
	at common.TestFactory.endTestRun(TestFactory.java:75)
	at common.TestFactory.endTestRun(TestFactory.java:75)
	at common.TestFactory.endTestRun(TestFactory.java:75)
	at common.TestFactory.endTestRun(TestFactory.java:75)
	at common.TestFactory.endTestRun(TestFactory.java:75)
	at common.TestFactory.endTestRun(TestFactory.java:75)
	at common.TestFactory.endTestRun(TestFactory.java:75)
	at common.TestFactory.endTestRun(TestFactory.java:75)
	at common.TestFactory.endTestRun(TestFactory.java:75)
	at common.TestFactory.endTestRun(TestFactory.java:75)
	at common.TestFactory.endTestRun(TestFactory.java:75)
	at common.TestFactory.endTestRun(TestFactory.java:75)
	at common.TestFactory.endTestRun(TestFactory.java:75)
	at common.TestFactory.endTestRun(TestFactory.java:75)
	at common.TestFactory.endTestRun(TestFactory.java:75)
	at common.TestFactory.endTestRun(TestFactory.java:75)
	at common.TestFactory.endTestRun(TestFactory.java:75)
	at common.TestFactory.endTestRun(TestFactory.java:75)
	at common.TestFactory.endTestRun(TestFactory.java:75)
	at common.TestFactory.endTestRun(TestFactory.java:75)
	at common.TestFactory.endTestRun(TestFactory.java:75)
	at common.TestFactory.endTestRun(TestFactory.java:75)
	at common.TestFactory.endTestRun(TestFactory.java:75)
	at common.TestFactory.endTestRun(TestFactory.java:75)
	at common.TestFactory.endTestRun(TestFactory.java:75)
	at common.TestFactory.endTestRun(TestFactory.java:75)
	at common.TestFactory.endTestRun(TestFactory.java:75)
	at common.TestFactory.endTestRun(TestFactory.java:75)
	at common.TestFactory.endTestRun(TestFactory.java:75)
	at common.TestFactory.endTestRun(TestFactory.java:75)
	at common.TestFactory.endTestRun(TestFactory.java:75)
	at common.TestFactory.endTestRun(TestFactory.java:75)
	at common.TestFactory.endTestRun(TestFactory.java:75)
	at common.TestFactory.endTestRun(TestFactory.java:75)
	at common.TestFactory.endTestRun(TestFactory.java:75)
	at common.TestFactory.endTestRun(TestFactory.java:75)
	at common.TestFactory.endTestRun(TestFactory.java:75)
	at common.TestFactory.endTestRun(TestFactory.java:75)
	at common.TestFactory.endTestRun(TestFactory.java:75)
	at common.TestFactory.endTestRun(TestFactory.java:75)
	at common.TestFactory.endTestRun(TestFactory.java:75)
	at common.TestFactory.endTestRun(TestFactory.java:75)
	at common.TestFactory.endTestRun(TestFactory.java:75)
	at common.TestFactory.endTestRun(TestFactory.java:75)
	at common.TestFactory.endTestRun(TestFactory.java:75)
	at common.TestFactory.endTestRun(TestFactory.java:75)
	at common.TestFactory.endTestRun(TestFactory.java:75)
	at common.TestFactory.endTestRun(TestFactory.java:75)
	at common.TestFactory.endTestRun(TestFactory.java:75)
	at common.TestFactory.endTestRun(TestFactory.java:75)
	at common.TestFactory.endTestRun(TestFactory.java:75)
	at common.TestFactory.endTestRun(TestFactory.java:75)
	at common.TestFactory.endTestRun(TestFactory.java:75)
	at common.TestFactory.endTestRun(TestFactory.java:75)
	at common.TestFactory.endTestRun(TestFactory.java:75)
	at common.TestFactory.endTestRun(TestFactory.java:75)
	at common.TestFactory.endTestRun(TestFactory.java:75)
	at common.TestFactory.endTestRun(TestFactory.java:75)
	at common.TestFactory.endTestRun(TestFactory.java:75)
	at common.TestFactory.endTestRun(TestFactory.java:75)
	at common.TestFactory.endTestRun(TestFactory.java:75)
	at common.TestFactory.endTestRun(TestFactory.java:75)
	at common.TestFactory.endTestRun(TestFactory.java:75)
	at common.TestFactory.endTestRun(TestFactory.java:75)
	at common.TestFactory.endTestRun(TestFactory.java:75)
	at common.TestFactory.endTestRun(TestFactory.java:75)
	at common.TestFactory.endTestRun(TestFactory.java:75)
	at common.TestFactory.endTestRun(TestFactory.java:75)
	at common.TestFactory.endTestRun(TestFactory.java:75)
	at common.TestFactory.endTestRun(TestFactory.java:75)
	at common.TestFactory.endTestRun(TestFactory.java:75)
	at common.TestFactory.endTestRun(TestFactory.java:75)
	at common.TestFactory.endTestRun(TestFactory.java:75)
	at common.TestFactory.endTestRun(TestFactory.java:75)
	at common.TestFactory.endTestRun(TestFactory.java:75)
	at common.TestFactory.endTestRun(TestFactory.java:75)
	at common.TestFactory.endTestRun(TestFactory.java:75)
	at common.TestFactory.endTestRun(TestFactory.java:75)
	at common.TestFactory.endTestRun(TestFactory.java:75)
	at common.TestFactory.endTestRun(TestFactory.java:75)
	at common.TestFactory.endTestRun(TestFactory.java:75)
	at common.TestFactory.endTestRun(TestFactory.java:75)
	at common.TestFactory.endTestRun(TestFactory.java:75)
	at common.TestFactory.endTestRun(TestFactory.java:75)
	at common.TestFactory.endTestRun(TestFactory.java:75)
	at common.TestFactory.endTestRun(TestFactory.java:75)
	at common.TestFactory.endTestRun(TestFactory.java:75)
	at common.TestFactory.endTestRun(TestFactory.java:75)
	at common.TestFactory.endTestRun(TestFactory.java:75)
	at common.TestFactory.endTestRun(TestFactory.java:75)
	at common.TestFactory.endTestRun(TestFactory.java:75)
	at common.TestFactory.endTestRun(TestFactory.java:75)
	at common.TestFactory.endTestRun(TestFactory.java:75)
	at common.TestFactory.endTestRun(TestFactory.java:75)
	at common.TestFactory.endTestRun(TestFactory.java:75)
	at common.TestFactory.endTestRun(TestFactory.java:75)
	at common.TestFactory.endTestRun(TestFactory.java:75)
	at common.TestFactory.endTestRun(TestFactory.java:75)
	at common.TestFactory.endTestRun(TestFactory.java:75)
	at common.TestFactory.endTestRun(TestFactory.java:75)
	at common.TestFactory.endTestRun(TestFactory.java:75)
	at common.TestFactory.endTestRun(TestFactory.java:75)
	at common.TestFactory.endTestRun(TestFactory.java:75)
	at common.TestFactory.endTestRun(TestFactory.java:75)
	at common.TestFactory.endTestRun(TestFactory.java:75)
	at common.TestFactory.endTestRun(TestFactory.java:75)
	at common.TestFactory.endTestRun(TestFactory.java:75)
	at common.TestFactory.endTestRun(TestFactory.java:75)
	at common.TestFactory.endTestRun(TestFactory.java:75)
	at common.TestFactory.endTestRun(TestFactory.java:75)
	at common.TestFactory.endTestRun(TestFactory.java:75)
	at common.TestFactory.endTestRun(TestFactory.java:75)
	at common.TestFactory.endTestRun(TestFactory.java:75)
	at common.TestFactory.endTestRun(TestFactory.java:75)
	at common.TestFactory.endTestRun(TestFactory.java:75)
	at common.TestFactory.endTestRun(TestFactory.java:75)
	at common.TestFactory.endTestRun(TestFactory.java:75)
	at common.TestFactory.endTestRun(TestFactory.java:75)
	at common.TestFactory.endTestRun(TestFactory.java:75)
	at common.TestFactory.endTestRun(TestFactory.java:75)
	at common.TestFactory.endTestRun(TestFactory.java:75)
	at common.TestFactory.endTestRun(TestFactory.java:75)
	at common.TestFactory.endTestRun(TestFactory.java:75)
	at common.TestFactory.endTestRun(TestFactory.java:75)
	at common.TestFactory.endTestRun(TestFactory.java:75)
	at common.TestFactory.endTestRun(TestFactory.java:75)
	at common.TestFactory.endTestRun(TestFactory.java:75)
	at common.TestFactory.endTestRun(TestFactory.java:75)
	at common.TestFactory.endTestRun(TestFactory.java:75)
	at common.TestFactory.endTestRun(TestFactory.java:75)
	at common.TestFactory.endTestRun(TestFactory.java:75)
	at common.TestFactory.endTestRun(TestFactory.java:75)
	at common.TestFactory.endTestRun(TestFactory.java:75)
	at common.TestFactory.endTestRun(TestFactory.java:75)
	at common.TestFactory.endTestRun(TestFactory.java:75)
	at common.TestFactory.endTestRun(TestFactory.java:75)
	at common.TestFactory.endTestRun(TestFactory.java:75)
	at common.TestFactory.endTestRun(TestFactory.java:75)
	at common.TestFactory.endTestRun(TestFactory.java:75)
	at common.TestFactory.endTestRun(TestFactory.java:75)
	at common.TestFactory.endTestRun(TestFactory.java:75)
	at common.TestFactory.endTestRun(TestFactory.java:75)
	at common.TestFactory.endTestRun(TestFactory.java:75)
	at common.TestFactory.endTestRun(TestFactory.java:75)
	at common.TestFactory.endTestRun(TestFactory.java:75)
	at common.TestFactory.endTestRun(TestFactory.java:75)
	at common.TestFactory.endTestRun(TestFactory.java:75)
	at common.TestFactory.endTestRun(TestFactory.java:75)
	at common.TestFactory.endTestRun(TestFactory.java:75)
	at common.TestFactory.endTestRun(TestFactory.java:75)
	at common.TestFactory.endTestRun(TestFactory.java:75)
	at common.TestFactory.endTestRun(TestFactory.java:75)
	at common.TestFactory.endTestRun(TestFactory.java:75)
	at common.TestFactory.endTestRun(TestFactory.java:75)
	at common.TestFactory.endTestRun(TestFactory.java:75)
	at common.TestFactory.endTestRun(TestFactory.java:75)
	at common.TestFactory.endTestRun(TestFactory.java:75)
	at common.TestFactory.endTestRun(TestFactory.java:75)
	at common.TestFactory.endTestRun(TestFactory.java:75)
	at common.TestFactory.endTestRun(TestFactory.java:75)
	at common.TestFactory.endTestRun(TestFactory.java:75)
	at common.TestFactory.endTestRun(TestFactory.java:75)
	at common.TestFactory.endTestRun(TestFactory.java:75)
	at common.TestFactory.endTestRun(TestFactory.java:75)
	at common.TestFactory.endTestRun(TestFactory.java:75)
	at common.TestFactory.endTestRun(TestFactory.java:75)
	at common.TestFactory.endTestRun(TestFactory.java:75)
	at common.TestFactory.endTestRun(TestFactory.java:75)
	at common.TestFactory.endTestRun(TestFactory.java:75)
	at common.TestFactory.endTestRun(TestFactory.java:75)
	at common.TestFactory.endTestRun(TestFactory.java:75)
	at common.TestFactory.endTestRun(TestFactory.java:75)
	at common.TestFactory.endTestRun(TestFactory.java:75)
	at common.TestFactory.endTestRun(TestFactory.java:75)
	at common.TestFactory.endTestRun(TestFactory.java:75)
	at common.TestFactory.endTestRun(TestFactory.java:75)
	at common.TestFactory.endTestRun(TestFactory.java:75)
	at common.TestFactory.endTestRun(TestFactory.java:75)
	at common.TestFactory.endTestRun(TestFactory.java:75)
	at common.TestFactory.endTestRun(TestFactory.java:75)
	at common.TestFactory.endTestRun(TestFactory.java:75)
	at common.TestFactory.endTestRun(TestFactory.java:75)
	at common.TestFactory.endTestRun(TestFactory.java:75)
	at common.TestFactory.endTestRun(TestFactory.java:75)
	at common.TestFactory.endTestRun(TestFactory.java:75)
	at common.TestFactory.endTestRun(TestFactory.java:75)
	at common.TestFactory.endTestRun(TestFactory.java:75)
	at common.TestFactory.endTestRun(TestFactory.java:75)
	at common.TestFactory.endTestRun(TestFactory.java:75)
	at common.TestFactory.endTestRun(TestFactory.java:75)
	at common.TestFactory.endTestRun(TestFactory.java:75)
	at common.TestFactory.endTestRun(TestFactory.java:75)
	at common.TestFactory.endTestRun(TestFactory.java:75)
	at common.TestFactory.endTestRun(TestFactory.java:75)
	at common.TestFactory.endTestRun(TestFactory.java:75)
	at common.TestFactory.endTestRun(TestFactory.java:75)
]]>
    </failure>
  </testcase> <!-- feature -->
</testsuite> <!-- test.runners.TestRunner -->
