<?xml version="1.0" encoding="UTF-8"?>
<!-- Generated by org.testng.reporters.JUnitReportReporter -->
<testsuite hostname="LAPTOP-0EAU9346" name="test.runners.TestRunner" tests="1" failures="0" timestamp="26 Jun 2021 17:13:52 GMT" time="15.038" errors="0">
  <testcase name="runScenario" time="15.038" classname="test.runners.TestRunner"/>
</testsuite> <!-- test.runners.TestRunner -->
